<?xml version="1.0" encoding="UTF-8" ?>
<testsuites>
  <testsuite errors="0" failures="0" id="0" name="AccountControllerTests" package="" tests="1" time="0.727">
  
    <properties></properties>

      <testcase classname="AccountControllerTests" name="testSomething" time="0.0"></testcase>

      <system-out></system-out>

      <system-err></system-err>

  </testsuite>
  <testsuite errors="0" failures="0" id="1" name="AccountTests" package="" tests="1" time="0.012">
  
    <properties></properties>

      <testcase classname="AccountTests" name="testSomething" time="0.0"></testcase>

      <system-out></system-out>

      <system-err></system-err>

  </testsuite>
  <testsuite errors="0" failures="0" id="2" name="BlogControllerTests" package="" tests="1" time="0.0060">
  
    <properties></properties>

      <testcase classname="BlogControllerTests" name="testSomething" time="0.0"></testcase>

      <system-out></system-out>

      <system-err></system-err>

  </testsuite>
  <testsuite errors="0" failures="0" id="3" name="BlogEntryControllerTests" package="" tests="1" time="0.0080">
  
    <properties></properties>

      <testcase classname="BlogEntryControllerTests" name="testSomething" time="0.0010"></testcase>

      <system-out></system-out>

      <system-err></system-err>

  </testsuite>
  <testsuite errors="0" failures="0" id="4" name="BlogEntryTests" package="" tests="1" time="0.0060">
  
    <properties></properties>

      <testcase classname="BlogEntryTests" name="testSomething" time="0.0"></testcase>

      <system-out></system-out>

      <system-err></system-err>

  </testsuite>
  <testsuite errors="0" failures="0" id="5" name="BlogTests" package="" tests="1" time="0.0070">
  
    <properties></properties>

      <testcase classname="BlogTests" name="testSomething" time="0.0"></testcase>

      <system-out></system-out>

      <system-err></system-err>

  </testsuite>
  <testsuite errors="0" failures="0" id="6" name="CommentControllerTests" package="" tests="1" time="0.027">
  
    <properties></properties>

      <testcase classname="CommentControllerTests" name="testSomething" time="0.0"></testcase>

      <system-out></system-out>

      <system-err></system-err>

  </testsuite>
  <testsuite errors="0" failures="0" id="7" name="CommentTests" package="" tests="1" time="0.021">
  
    <properties></properties>

      <testcase classname="CommentTests" name="testSomething" time="0.0"></testcase>

      <system-out></system-out>

      <system-err></system-err>

  </testsuite>
  <testsuite errors="0" failures="0" id="8" name="ImportServiceTest" package="" tests="1" time="0.256">
  
    <properties></properties>

      <testcase classname="ImportServiceTest" name="testImport" time="0.245"></testcase>

      <system-out><![CDATA[Starting test..
Importing /Users/glen/Desktop/glen-20071203.zip
Importing 2003/09/15/1063660844000.xml
<?xml version="1.0" encoding="UTF-8"?>
<blogEntry>
<title>Same Guy, New Weblog</title>
<excerpt/>
<body><![CDATA[It's been way too long since I've blogged regularly. But I've now got MT up and running, life is good again. Now I just need to track down some cool MT templates. Watch this space.&#x5d;&#x5d;&gt;</body>
<date>16 Sep 2003 07:20:44:0 +1000</date>
<state>approved</state>
<author>glen</author>
<staticName/>
<commentsEnabled>true</commentsEnabled>
<trackBacksEnabled>true</trackBacksEnabled>
</blogEntry>

Importing 2003/09/17/1063768445000.xml
<?xml version="1.0" encoding="UTF-8"?>
<blogEntry>
<title>Catching Signals</title>
<excerpt/>
<body><![CDATA[Ever wanted to catch O/S Interrupts in your Java code? Things like CTRL-C on Windows or various SIGs on your fave brand of Unix. Well it turns out you can!<br/>
<br/>
A friend from work tipped me off to a feature introduced in JDK 1.3 where you can call Runtime.addShutdownHook(Thread yourHook). You pass in the thread unstarted, and when the VM gets a shutdown signal, it'll start your thread.<br/>
<br/>
<pre><br/>
		Runtime rt = Runtime.getRuntime();<br/>
		rt.addShutdownHook(new Thread() {<br/>
			public void run() {<br/>
				System.out.println("Ah-ha! You killed it!");<br/>
				System.out.flush();<br/>
			}<br/>
		});<br/>
</pre><br/>
<br/>
Neat, huh!  For more info check out http://java.sun.com/j2se/1.3/docs/guide/lang/enhancements.html#hooks&#x5d;&#x5d;&gt;</body>
<date>17 Sep 2003 13:14:05:0 +1000</date>
<state>approved</state>
<author>glen</author>
<staticName/>
<commentsEnabled>true</commentsEnabled>
<trackBacksEnabled>true</trackBacksEnabled>
</blogEntry>

Importing 2003/09/18/1063853639000.xml
<?xml version="1.0" encoding="UTF-8"?>
<blogEntry>
<title>SNMP Libs</title>
<excerpt/>
<body><![CDATA[Have had to add some SNMP capabilities to an app recently (basically the ability to generate traps when bad things happen), so I've done a bit of scouring for available libs on the net.  I originally looked at SNMP adaptors for JMX, but haven't found any open source ones out there. (Anyone?)<br/>
<br/>
Of the three or four SNMP libs that I looked at, I settled on Jon Sevy's package at: http://edge.mcs.drexel.edu/GICL/people/sevy/snmp/snmp.html<br/>
<br/>
What I like about it is that it's *simple* to use. Which is what you want in an *S*NMP package. Also comes with some nice little demo apps that generate and catch traps, and interrogate SNMP services on remote hosts. Very cool stuff. Recommended.&#x5d;&#x5d;&gt;</body>
<date>18 Sep 2003 12:53:59:0 +1000</date>
<state>approved</state>
<author>glen</author>
<staticName/>
<commentsEnabled>true</commentsEnabled>
<trackBacksEnabled>true</trackBacksEnabled>
</blogEntry>

Importing 2003/09/18/1063921429000.xml
<?xml version="1.0" encoding="UTF-8"?>
<blogEntry>
<title>dnsjava - a DNS Library</title>
<excerpt/>
<body><![CDATA[If the limitations of InetAddress get you down, you can go the whole hog and interrogate your DNS Zone! Ever wanted to find out the MX record for a given domain programmatically? Now you can!<br/>
<br/>
Came across this groovy little "dnsjava" library while looking into java mail servers. Download the source from http://www.dnsjava.org/<br/>
<br/>
Even comes with a port of dig written in Java... This guy is very sharp!&#x5d;&#x5d;&gt;</body>
<date>19 Sep 2003 07:43:49:0 +1000</date>
<state>approved</state>
<author>glen</author>
<staticName/>
<commentsEnabled>true</commentsEnabled>
<trackBacksEnabled>true</trackBacksEnabled>
</blogEntry>

Importing 2003/09/22/1064197771000.xml
<?xml version="1.0" encoding="UTF-8"?>
<blogEntry>
<title>DataStudio (useful query tool)</title>
<excerpt/>
<body><![CDATA[<p>I've been using AquaFold's cool little Java-based query tool - DataStudio (<a href="http://www.aquafold.com">http://www.aquafold.com</a>). Very neat. What I like about it:</p><br/>
<ul><br/>
<li>SQL Command Completion (including your own table/field names)</li><br/>
<li>Editable result sets</li><br/>
<li>100% Java - so use it on your platform of choice</li><br/>
<li>Free for personal/educational use</li><br/>
</ul><br/>
<p>Worth a look. Just drop in your own JDBC driver and you're good to go. I've tested against mySQL and Sybase and it works a treat. </p>&#x5d;&#x5d;&gt;</body>
<date>22 Sep 2003 12:29:31:0 +1000</date>
<state>approved</state>
<author>glen</author>
<staticName/>
<commentsEnabled>true</commentsEnabled>
<trackBacksEnabled>true</trackBacksEnabled>
</blogEntry>

Importing 2003/09/24/1064438340000.xml
<?xml version="1.0" encoding="UTF-8"?>
<blogEntry>
<title>jFreeChart</title>
<excerpt/>
<body><![CDATA[Have been wanting to investigate a decent charting component (for both Web and Swing use) for a while, but haven't had the time. Did a bit of surfing, and I've just come across jFreeChart (<a href="http://www.jfree.org/jfreechart/">http://www.jfree.org/jfreechart/</a>) which looks just sensational.<br/>
<br/>
Tried out the demo app that ships with the product and it does a truly *amazing* number of charts, in a very tight amount of code. The dynamic charting stuff looks truly funky. Can't wait to take it for a test drive.&#x5d;&#x5d;&gt;</body>
<date>25 Sep 2003 07:19:00:0 +1000</date>
<state>approved</state>
<author>glen</author>
<staticName/>
<commentsEnabled>true</commentsEnabled>
<trackBacksEnabled>true</trackBacksEnabled>
</blogEntry>

Importing 2003/10/09/1065738635000.xml
<?xml version="1.0" encoding="UTF-8"?>
<blogEntry>
<title>PocketPC one month on...</title>
<subtitle></subtitle>
<excerpt></excerpt>
<body><![CDATA[About a month ago, after years of faithful service, my Psion Revo Plus died. After looking for a suitable replacement, I ended up with a HP Ipaq 1940. Very cool little pda - ultralight/thin with bluetooth built in, and came with 128 Mb SD thrown in.<br/>
<br/>
Well, I never thought I would be able to live without an actual keyboard, but it definitely can be done. At first I used the on-screen keyboard, which was kinda cool with autocompletion, but still too slow when compared with the real thing. Then I got hooked on transcriber - and I'm loving ever second of it.<br/>
<br/>
I gave up on Pocket Outlook on the first day since it couldn't give me the week at a glance view I was so used to with the Psion. Entering start and end times was so painful I just gave up. No support for a tree view of tasks. The list goes on. Ended up replacing it with <a href="http://www.pocketinformant.com/">Pocket Informant</a> (which is one amazing PIM).  I gave me week-at-a-glace, notes with preview, categorised tasks with priorities, it's just amazing. And ALL the interfaces are useful. Meeting entry is a dream - those guys have really done their homework. Absolutely essential.<br/>
<br/>
The next essential app, was a decent Battery Monitor.  The built in one just tells you %, and becomes a pain when you get to < 25%. Enter <a href="http://www.omegaone.com/">Battery Pack Pro</a> from Omega One. Gives you minutes remaining in your task bar, adds some very snazzy diagnostics to your Today page, and let's you set up an App bar on your today page for launching your fave apps without having to pull down menus. Also gives you an on-screen power-off button to save wear on your device. Great app. I charge me device much less frequently cause I actually know how much life is left in the battery based on my usage pattern.<br/>
<br/>
Now I just need to find a password storage app with crypto that I can use for my banking stuff, and life is great.<br/>
&#x5d;&#x5d;&gt;</body>
<date>10 Oct 2003 08:30:35:0 +1000</date>
<state>approved</state>
<author>glen</author>
<staticName></staticName>
<commentsEnabled>true</commentsEnabled>
<trackBacksEnabled>true</trackBacksEnabled>
<tags></tags>
</blogEntry>

Importing 2003/10/15/1066256222000.xml
<?xml version="1.0" encoding="UTF-8"?>
<blogEntry>
<title>POPing with JavaMail</title>
<excerpt/>
<body><![CDATA[I've been toying with building a simple Java spam filter for a while, and last night I actually got things off the ground. First things first, I need to get the stuff off the server, so I had a scout for some POP3 libs. Turns out there's a few out there, but I figure that JavaMail from Sun has got to be worth a look (and I've got Elliotte Rusty Harold's excellent "Java Network Programming" sitting around with a whole chapter on it).<br/>
<br/>
One of the advantages of going with JavaMail is that the transport is pluggable. I can change between the Pop3 store and the Imap store *relatively* painlessly. The other advantage is that you get serious message parsing for free. Rather than have to do your own parsing of the message contents using RegExp or whatever, Sun have implemented the RFC for you, so you get to recipients as an Address[]. Loving their work. Need to get to the source contents of the message? Message.writeTo(OutputStream) .. in my case a ByteArrayOutputStream... but whatever. It's there and it's good.<br/>
<br/>
The javadoc says that the Message objects I'm getting back are "lightweight" - meaning their contents only gets filled when you make a call against a getter. Not sure if it *really* works like that (maybe for Imap, unlikely for Pop3). Must give it a try.<br/>
<br/>
Anyways, my messages are now downloading. Next step is to get them into a db or filesystem so I can keep them around till in case the engine I develop is too aggressive. ;-)&#x5d;&#x5d;&gt;</body>
<date>16 Oct 2003 08:17:02:0 +1000</date>
<state>approved</state>
<author>glen</author>
<staticName/>
<commentsEnabled>true</commentsEnabled>
<trackBacksEnabled>true</trackBacksEnabled>
</blogEntry>

Importing 2003/10/20/1066634933000.xml
<?xml version="1.0" encoding="UTF-8"?>
<blogEntry>
<title>First Experiences with JNI</title>
<excerpt/>
<body><![CDATA[Never done any JNI before, but recently had a need, and it turns out that it's a whole lot more straightforward than I was anticipating. In my case, I needed to make some mods to an existing Win32 DLL, so YMMV.<br/>
<br/>
In a nutshell, the process goes like this:<br/>
<ul><br/>
<li>Define the methods you need as <b>public native</b> in your Java class. These guys are just stubs to the C calls you'll be making down the track, do don't put in any method body (just like an interface!) </li><br/>
<li>Define a static initializer for your class which contains a call to your relevant library: <code>System.loadLibrary("myWinDll"); // but without the .DLL bit </code><br/>
<li>Compile up your class so you get yourself a class file.</li><br/>
<li>Run <code>javah</code> over your compiled class. Which is going to give you a header file</li><br/>
<li>Implement the header file methods in your C source.</li><br/>
<li>Compile it up!</li><br/>
<li>Make sure the DLL your access is in your path... then start up your Java app!</li><br/>
</ul><br/>
<br/>
I was doing all this in VC 6.0, and found that when I used a Debug build I generated GPFs., the release builds worked fine.<br/>
<br/>
If you're looking for a very cool JNI how-to (which is Unix-centric, but the same principles apply), check out <a href="http://www.ringlord.com/publications/jni-howto">ringlord.com</a>.&#x5d;&#x5d;&gt;</body>
<date>20 Oct 2003 17:28:53:0 +1000</date>
<state>approved</state>
<author>glen</author>
<staticName/>
<commentsEnabled>true</commentsEnabled>
<trackBacksEnabled>true</trackBacksEnabled>
</blogEntry>

Importing 2003/10/26/1067143904000.xml
<?xml version="1.0" encoding="UTF-8"?>
<blogEntry>
<title>Tomcat, JNDI, JSTL, and "No suitable driver"</title>
<excerpt/>
<body><![CDATA[Been mucking around with getting JSTL to use a JNDI data source, and Tomcat has been giving me all sorts of grief. I knew my web.xml was right... and I'd created the JNDI source using Tomcat's own admin interface, so I *figured* that was ok.<br/>
<br/>
But every time I gave it a whirl, I'm getting the dreaded:  <code>DataSource invalid: "No suitable driver"</code> deal. The mysql jar file was happily in CATALINA_HOME/common/lib, so it wasn't that.<br/>
<br/>
Turns out you need to have <code>commons-dbcp.jar</code> and <code>commons-pool.jar</code> in your /common/lib directory as well. I wasn't specifying dbcp as my connection factory, so I don't know what gives with the dependency there.  But, whatever. It's fixed now.<br/>
<br/>
Anyways, that's the story.  I'm documenting this so that when I forget what the fix is I can hopefully find it via Google. ;-)<br/>
<br/>
&#x5d;&#x5d;&gt;</body>
<date>26 Oct 2003 15:51:44:0 +1100</date>
<state>approved</state>
<author>glen</author>
<staticName/>
<commentsEnabled>true</commentsEnabled>
<trackBacksEnabled>true</trackBacksEnabled>
</blogEntry>

Importing 2003/11/12/1068676529000.xml
<?xml version="1.0" encoding="UTF-8"?>
<blogEntry>
<title>Fun with Apache JMeter</title>
<excerpt/>
<body><![CDATA[Don't know if you've ever had a need to do scalability testing, but I've always been a bit interested, and I thought I'd track down some tools.<br/>
<br/>
Anyways, last night I began playing around with <a href="http://jakarta.apache.org/jmeter/">Apache JMeter</a> and it's pretty darn cool. It'll simulate a bunch of threads/users, and give you a cool graph to check out as well. It's a bit of a pain to configure (but the manual is very good), and you can set it up as a proxy and just capture your script directly from your browser (which is pretty darn cool - and time saving).<br/>
<br/>
One this I have noticed is that Jmeter runs slow under JDK 1.3. Every time it hits a redirect it waits for 20 seconds. Run it under 1.4, and life is great! Must have been some tweeking in URL timeouts between those versions.<br/>
<br/>
Anyways, recommended.<br/>
&#x5d;&#x5d;&gt;</body>
<date>13 Nov 2003 09:35:29:0 +1100</date>
<state>approved</state>
<author>glen</author>
<staticName/>
<commentsEnabled>true</commentsEnabled>
<trackBacksEnabled>true</trackBacksEnabled>
</blogEntry>

Importing 2003/11/16/1069021358000.xml
<?xml version="1.0" encoding="UTF-8"?>
<blogEntry>
<title>Pumped about SWT..</title>
<excerpt/>
<body><![CDATA[Just curious, anyone doing any SWT these days (the native-ish widget set that comes with Eclipse)?<br/>
<br/>
I've come to the conclusion that it's not really the speed that bugs me about Swing, or that fact that the API is so mammoth, or the fact that GridBayLayout is ridiculously complex to deal with for someone who doesn't do GUIs all that often (like me). To be honest, I can write that off to not being smart enough, and I can live with all that.<br/>
<br/>
But I've tracked down what I really don't like about it. It's the fact that it's just plain ugly.<br/>
<br/>
I've been playing with Apache JMeter to do some web scalability testing on my MightyBlog app (JMeter is one flippin cool tool BTW), but the GUI is just ugly. Any it's not the layout, which is just fine. It's the widgets themselves! What is the go with Tree widget?<br/>
<br/>
Anyways, so I'm going to have a play with SWT and see what I can come up with for the little spam filtering app I'm working on. Apparently they've even ported it to PocketPC, so I can deploy native-looking J2ME apps to the Ipaq. How cool would that be?<br/>
<br/>
So, anyone done any SWT? I'm keen for others experiences, since the doco is pretty light on.  <a href="http://www.madbean.com/blog/">Matt</a> pointed me to the Online doco that comes with Eclipse, which actually looks really good, and I've CVS'ed the example tree from dev.eclipse.org, so that should be more than enough to get started.<br/>
<br/>
Very pumped.&#x5d;&#x5d;&gt;</body>
<date>17 Nov 2003 09:22:38:0 +1100</date>
<state>approved</state>
<author>glen</author>
<staticName/>
<commentsEnabled>true</commentsEnabled>
<trackBacksEnabled>true</trackBacksEnabled>
</blogEntry>

Importing 2003/11/19/1069279462000.xml
<?xml version="1.0" encoding="UTF-8"?>
<blogEntry>
<title>Loving Remote Debugging</title>
<excerpt/>
<body><![CDATA[People have told me about Remote Debugging before, but yestday I set it up and it absolutely rocks!<br/>
<br/>
On very large server-side code, it is *so* much cooler (and faster) to be able to set a breakpoint in the middle of a massive call stack (rather than just keep inserting logging code).<br/>
<br/>
I picked up the required switches on the Tomcat site (<a href="http://jakarta.apache.org/site/idedev-rdtomcat.html">Setting up Tomcat for Remote Debugging</a>), and used the technique on a bunch of non-web apps. Also discovered you need to use the ant task <jvmargs> to make all this happen from ant.<br/>
<br/>
Eclipse is one rocking IDE, and it just keeps getting better. Setting up Remote Debugging is as simple as /Debug/Remote Debugging/New... Gotta love that. Give it the same port that you specified when lauching the remove JVM and you are in business.<br/>
<br/>
Extremely cool!&#x5d;&#x5d;&gt;</body>
<date>20 Nov 2003 09:04:22:0 +1100</date>
<state>approved</state>
<author>glen</author>
<staticName/>
<commentsEnabled>true</commentsEnabled>
<trackBacksEnabled>true</trackBacksEnabled>
</blogEntry>

Importing 2003/12/03/1070491920000.xml
<?xml version="1.0" encoding="UTF-8"?>
<blogEntry>
<title>Ultra lightweight http server</title>
<excerpt/>
<body><![CDATA[I'm developing some software that needs an embedded http server, and I've been looking around for tiny options. Give that it's all java, I've looked at tiny versions of tomcat, jetty, and other minimalist solutions. Most stuff weights in over a meg.<br/>
<br/>
But now I've found something just my size: 1 file! Check out <a href="http://elonen.iki.fi/code/nanohttpd/">Nanohttpd</a>. I put it into the system last night, subclassed it, and plugged in my own serve() routine in the descendant and bingo! Instant HTTP - and under a BSD license to boot.<br/>
<br/>
&#x5d;&#x5d;&gt;</body>
<date>04 Dec 2003 09:52:00:0 +1100</date>
<state>approved</state>
<author>glen</author>
<staticName/>
<commentsEnabled>true</commentsEnabled>
<trackBacksEnabled>true</trackBacksEnabled>
</blogEntry>

Importing 2003/12/04/1070576395000.xml
<?xml version="1.0" encoding="UTF-8"?>
<blogEntry>
<title>Embedded db advice?</title>
<excerpt/>
<body><![CDATA[I need to track down a small database for embedded use. I'm hearing that hsql gets a fair bit of traction, and I've read stuff about McKoi too.<br/>
<br/>
Anyone got any recommendations? The constraints are: (1) Must run in-process/embedded (2) Must support multiple tables (3) Must handle modest size dbs (eg 20 Mb) (4) If commercial, must not be royalty-based<br/>
<br/>
All options welcome!&#x5d;&#x5d;&gt;</body>
<date>05 Dec 2003 09:19:55:0 +1100</date>
<state>approved</state>
<author>glen</author>
<staticName/>
<commentsEnabled>true</commentsEnabled>
<trackBacksEnabled>true</trackBacksEnabled>
</blogEntry>

Importing 2003/12/11/1071180356000.xml
<?xml version="1.0" encoding="UTF-8"?>
<blogEntry>
<title>Loving hsqldb</title>
<excerpt/>
<body><![CDATA[Been in the marked for an embedded Java database technology and have started playing with <a href="http://hsqldb.sourceforge.net/">hsqldb</a>. I've gotta say it's a very nice little tool. Uses JDBC, writes to text files, and the SQL support is way beyond what I expected (including referential integrity!). Comes with a couple of nice little admin tools to boot!<br/>
<br/>
I've given it a hammering with <a href="http://jakarta.apache.org/jmeter/">JMeter</a>, and whilst it's nowhere near as performant as MySQL (~200 transactions/minute vs ~12000 transactions a minute on the same hardware with a 10 user load), for embedded apps it's just awesome. I'm wanting to use it as a scratch database for Unit testing which it will be ideal for. Great job guys!&#x5d;&#x5d;&gt;</body>
<date>12 Dec 2003 09:05:56:0 +1100</date>
<state>approved</state>
<author>glen</author>
<staticName/>
<commentsEnabled>true</commentsEnabled>
<trackBacksEnabled>true</trackBacksEnabled>
</blogEntry>

Importing 2003/12/15/1071531162000.xml
<?xml version="1.0" encoding="UTF-8"?>
<blogEntry>
<title>Powerfinger Rock Canberra</title>
<excerpt/>
<body><![CDATA[Ok. Not strictly Java, but caught <a href="http://www.powderfinger.com">Powerfinger</a> in Canberra last night on the Vulture Street tour. They guys are an Aussie act from Brisbane who've made it good on the world stage. Outstanding show... and definitely worth catching live if they hit your area.<br/>
<br/>
The support act, <a href="http://www.johnbutlertrio.com/">The John Butler Trio</a> were also sensational. I've got to get some of their stuff on shiny disc.<br/>
<br/>
Anyways, back to the 1's and 0's.&#x5d;&#x5d;&gt;</body>
<date>16 Dec 2003 10:32:42:0 +1100</date>
<state>approved</state>
<author>glen</author>
<staticName/>
<commentsEnabled>true</commentsEnabled>
<trackBacksEnabled>true</trackBacksEnabled>
</blogEntry>

Importing 2003/12/16/1071614818000.xml
<?xml version="1.0" encoding="UTF-8"?>
<blogEntry>
<title>Native code compilers for Windows?</title>
<excerpt/>
<body><![CDATA[We're developing a product that we'd like to offer as a download without the client needing to also download another 10 meg of JVM runtime. Anyone done any stuff with native code compilers on Windows? The app doesn't have a GUI (uses HTTP), so there's no need for Swing support.<br/>
<br/>
I know that <a href="http://www.excelsior-usa.com/jet.html">Excelsior</a> have a product, but it's unclear whether you *still* need to bundle a whole bunch of support DLLs there too.  I'm told gcc also supports some kind of Java compilation via gcj, but is that going to work on Windows? Or will I need to bundle a whole bunch of Cygwin stuff with it?<br/>
<br/>
Any war stories out there?<br/>
&#x5d;&#x5d;&gt;</body>
<date>17 Dec 2003 09:46:58:0 +1100</date>
<state>approved</state>
<author>glen</author>
<staticName/>
<commentsEnabled>true</commentsEnabled>
<trackBacksEnabled>true</trackBacksEnabled>
</blogEntry>

Importing 2003/12/22/1072078213000.xml
<?xml version="1.0" encoding="UTF-8"?>
<blogEntry>
<title>Anyone got Sitemesh working on Tomcat?</title>
<excerpt/>
<body><![CDATA[Looking at some presentation options for Struts, the frontrunners being Tiles and SiteMesh.<br/>
<br/>
I really like the idea of SiteMesh, even more so after playing with Tiles (which adds its own management problems into the equation with the requirement to edit tiles-defs.xml for each new page, and forcing you to author html fragments rather than real McKoy valid pages). Sitemesh look very elegant and ultra-low-maintence when adding new pages!<br/>
<br/>
Unfortunately, though, I can't Sitemesh to run under Tomcat (either 4.1.24 or 5.0.16). Both give the same deal:<br/>
<br/>
<pre><br/>
org.apache.jasper.JasperException: getOutputStream() has already been called for this response<br/>
...<br/>
at com.opensymphony.module.sitemesh.filter.PageFilter.applyDecorator(PageFilter.java:169)<br/>
</pre><br/>
<br/>
The readme makes noice about using jsp rather than html for page extensions, but even changing that just gives me..<br/>
<br/>
<pre><br/>
org.apache.jasper.JasperException: Cannot call getWriter() after getOutputStream()<br/>
</pre><br/>
<br/>
at the same line. The readme also notes that Sitemesh has issues on WebSphere, WebLogic, and other containers... so I may just be one of the unlucky ones.<br/>
<br/>
Anyways, I'm not doing anything tricky, just autodeploying the sitemesh-example.war that comes with the package.<br/>
<br/>
Anyone got it working on Tomcat? I'm playing with sitemesh-2.0.1.&#x5d;&#x5d;&gt;</body>
<date>22 Dec 2003 18:30:13:0 +1100</date>
<state>approved</state>
<author>glen</author>
<staticName/>
<commentsEnabled>true</commentsEnabled>
<trackBacksEnabled>true</trackBacksEnabled>
</blogEntry>

Importing 2004/01/12/1073901332000.xml
<?xml version="1.0" encoding="UTF-8"?>
<blogEntry>
<title>Finally on ISDN</title>
<excerpt/>
<body><![CDATA[After ages and ages on 28.8kb, I've finally managed to step up to 128kb ISDN (can't get ADSL or Cable in my area, so the options were Sat or ISDN.. and ISDN is much better pricing).<br/>
<br/>
Now to do some serious downloading of the latest version of every Java library imaginable...&#x5d;&#x5d;&gt;</body>
<date>12 Jan 2004 20:55:32:0 +1100</date>
<state>approved</state>
<author>glen</author>
<staticName/>
<commentsEnabled>true</commentsEnabled>
<trackBacksEnabled>true</trackBacksEnabled>
</blogEntry>

Importing 2004/01/12/1073901527000.xml
<?xml version="1.0" encoding="UTF-8"?>
<blogEntry>
<title>Tomcat 5.0.16 considered safe</title>
<excerpt/>
<body><![CDATA[Well, the upgrade from 4.1.26 to 5.0.16 was certainly painless. Location of XML deployment fragments changes in this version, but everything else looks pretty straightforward...  Stuts still runs... and sitemesh 1.5 is still a goer too.<br/>
<br/>
Can't wait to take advantage of the JSP 2.0 options....&#x5d;&#x5d;&gt;</body>
<date>12 Jan 2004 20:58:47:0 +1100</date>
<state>approved</state>
<author>glen</author>
<staticName/>
<commentsEnabled>true</commentsEnabled>
<trackBacksEnabled>true</trackBacksEnabled>
</blogEntry>

Importing 2004/01/12/1073901669000.xml
<?xml version="1.0" encoding="UTF-8"?>
<blogEntry>
<title>Cool Java Gantt Software</title>
<excerpt/>
<body><![CDATA[If you're looking for an open source Microsoft Project (minus the file compatibility), check out the very slick looking <a href="http://ganttproject.sourceforge.net/">GanttProject</a>. 100% Java, XML file format, and a very slick Swing UI (which says a lot coming from me!).<br/>
<br/>
Check it out!<br/>
<br/>
&#x5d;&#x5d;&gt;</body>
<date>12 Jan 2004 21:01:09:0 +1100</date>
<state>approved</state>
<author>glen</author>
<staticName/>
<commentsEnabled>true</commentsEnabled>
<trackBacksEnabled>true</trackBacksEnabled>
</blogEntry>

Importing 2004/01/14/1074120131000.xml
<?xml version="1.0" encoding="UTF-8"?>
<blogEntry>
<title>Our first staffer (and our Java Spamfilter)</title>
<subtitle></subtitle>
<excerpt></excerpt>
<body><![CDATA[Well, it's finally happened. Bytecode has employed its first non-Glen developer. Welcome <a href="http://www.bytecode.com.au/blogs/nick/">Nick Wheatstone</a>.<br/>
<br/>
For a while I've been tinkering away on a Java spam filter for the desktop (since I just can't find one that really does it for me). I've decided to put in some dollars and get the app to a commercial stage... actually first to get it working... and then to get it to a commerial stage ;-). We're also hoping to use the engine itself for a server product, but that's further down the road.<br/>
<br/>
Nick a sensational young developer from University of Canberra, who's relatively new to Java, but has plenty of developer runs on the board. He'll be blogging about his progress, so if you're new to Java or Spamfiltering, he'll have lots to share. We're hoping to ship a product by the end of June (and we'll be asking for some testers closer to the time).<br/>
<br/>
It's great times at Bytecode!&#x5d;&#x5d;&gt;</body>
<date>15 Jan 2004 09:42:11:0 +1100</date>
<state>approved</state>
<author>glen</author>
<staticName></staticName>
<commentsEnabled>true</commentsEnabled>
<trackBacksEnabled>true</trackBacksEnabled>
<tags></tags>
</blogEntry>

Importing 2004/01/15/1074152409000.xml
<?xml version="1.0" encoding="UTF-8"?>
<blogEntry>
<title>Newbie Struts Question</title>
<excerpt/>
<body><![CDATA[Doing a fair bit of work with Struts at the moment, but there's a fairly basic question that still bugging me. What is the best strategy for handling generic success messages?<br/>
<br/>
So for example, say you've got an Action that does AddUser, one for EditUser, and one for DeleteUser.  Do you need to supply specific JSPs for each of the success results?<br/>
<br/>
At the moment, I've got something like:  addUser.jsp >> AddUserAction >> addUserSuccess.jsp if AddUserAction returns success (or back to addUser.jsp with an errors collection on failure if something wasn't quite right).<br/>
<br/>
But that means every JSP has a corresponding blahSuccess.jsp, which seems like a lot more editing than I'd like. How do people handle that in bigger apps? Do you use a generic success.jsp and pass in some kinda message telling the user all was fine?<br/>
<br/>
Ideas welcome!&#x5d;&#x5d;&gt;</body>
<date>15 Jan 2004 18:40:09:0 +1100</date>
<state>approved</state>
<author>glen</author>
<staticName/>
<commentsEnabled>true</commentsEnabled>
<trackBacksEnabled>true</trackBacksEnabled>
</blogEntry>

Importing 2004/01/17/1074311212000.xml
<?xml version="1.0" encoding="UTF-8"?>
<blogEntry>
<title>Java Hosting Recommendations</title>
<excerpt/>
<body><![CDATA[Anyone got any good recommendations for JSP hosting?<br/>
<br/>
I've heard good things about  <a href="http://www.kgbinternet.com/">KGBInternet</a>, but they've got fairly small traffic limits - but apparently very switched on as far as Java Web hosting goes, and terriffic support. By contrast, <a href="http://www.hostforweb.com/hosting_supreme.html">HostForWeb</a> offer a 50Gb limit, but only give you ONE tomcat context to play with - with extra monthly fees for each context that you add, and their turn around on answering emails is several days.<br/>
<br/>
Both have pretty good pricing at around $20/month USD.<br/>
<br/>
Anyone else got any good recommendations?&#x5d;&#x5d;&gt;</body>
<date>17 Jan 2004 14:46:52:0 +1100</date>
<state>approved</state>
<author>glen</author>
<staticName/>
<commentsEnabled>true</commentsEnabled>
<trackBacksEnabled>true</trackBacksEnabled>
</blogEntry>

Importing 2004/01/21/1074673782000.xml
<?xml version="1.0" encoding="UTF-8"?>
<blogEntry>
<title>Moved to Java hosting</title>
<excerpt/>
<body><![CDATA[Thanks to all the folk who made recommendations on JSP hosting providers. To summarise, I hear nothing but good things about <a href="http://www.kgbinternet.com/">KGBInternet</a> - pretty much total control of your Tomcat config, running on a private JVM for $20/month Canadian. People RAVE about the support they receive there, and the operators are very Java-savvy.<br/>
The only neg is the 1Gb traffic limit (which is probably heaps if you're just running a blog, but if you're offering downloads I think you'll get to that pretty quickly.<br/>
<br/>
The guys at <a href="http://www.webappcabaret.com/premium.html">WebAppCabaret</a> look pretty competitive too, giving you. 10Gb traffic, private VM, a couple of subdomains and a database for around $20US/month.<br/>
<br/>
I've ended up going with <a href="http://www.hostforweb.com/hosting_supreme.html">HostForWeb</a> simply because they give a 50Gb monthly allowance for $20USD/month. Even cheaper if you pay for 12 months, and at the current Aussie dollar exchange rate, I could get a year of hosting for about $22/month AUD.  Their biggest neg is that you only get one Tomcat context (on a shared VM) and basically no control over your config.<br/>
<br/>
You do however get 750Mb of disk, unlimited MySQL databases, unlimited subdomains, and a pretty smooth operation. I'll let you know how things pan out once I've tried deploying a Struts app or something.&#x5d;&#x5d;&gt;</body>
<date>21 Jan 2004 19:29:42:0 +1100</date>
<state>approved</state>
<author>glen</author>
<staticName/>
<commentsEnabled>true</commentsEnabled>
<trackBacksEnabled>true</trackBacksEnabled>
</blogEntry>

Importing 2004/01/21/1074674751000.xml
<?xml version="1.0" encoding="UTF-8"?>
<blogEntry>
<title>Matt Raible is the man!</title>
<excerpt/>
<body><![CDATA[I was checking out <a href="http://www.raibledesigns.com/page/rd">Matt Raible's</a> AppFuse code earlier today and geez that guy can write clean code!<br/>
<br/>
One very neat thing that caught my eye was also in his build script. Get this, he has an Ant task that buddles his FAQ, Release Notes, and HOWTOs directly from his Wiki into a local html file.<br/>
<br/>
Basically he uses the &lt;get&gt; task to a URL like http://yourwiki/wikitohtml.jsp?Install&ReadMe&FAQ&HowTo where the JSP must just piece together the various Wiki pages into a single HTML file. You've gotta love that!<br/>
<br/>
Another neat trick is to modify your log4j config to have a pattern like @@APPNAME@@ %c %p %d %m%n  and use the &lt;replace&gt; task to sub in your app name at build time. Very neat for when you're watching a Tomcat console logger!<br/>
<br/>
+1 to the Matt Raible fan club. His code rocks!&#x5d;&#x5d;&gt;</body>
<date>21 Jan 2004 19:45:51:0 +1100</date>
<state>approved</state>
<author>glen</author>
<staticName/>
<commentsEnabled>true</commentsEnabled>
<trackBacksEnabled>true</trackBacksEnabled>
</blogEntry>

Importing 2004/02/10/1076399715000.xml
<?xml version="1.0" encoding="UTF-8"?>
<blogEntry>
<title>The Joy of JNI, DLLs, and XP</title>
<excerpt/>
<body><![CDATA[We've got an Applet that makes a JNI call to a DLL. Been working happily on several hundred Windows NT (don't ask) boxes out there for some time. Good good. Then we start testing against XP... and the core dumps begin...<br/>
<br/>
I've been using debug mode in VC++ and stepping through the whole call trace. All good.  Then I build a Release version of the DLL. Unlucky - crashes IE straight away. So I inserted a stack of OutputDebugString() in the DLL to see where it fails... and it fails in different locations on different invocations.. and sometimes it doesn't fail at all.<br/>
<br/>
So I linked against a static version of the C Runtime instead of a shared DLL version. No problems. Buggered if I know what the problem is. I know there are problems when you new() with one version and delete with a different one, so maybe that's got something to do with it...<br/>
<br/>
All this whole exercise proved to me was how much I *love* coding in Java. Memory allocation is *such* a deal to track down problems with.<br/>
<br/>
In other news, <a href="http://www.jniwrapper.com/index.jsp">JNIWrapper</a> looks like an interesting little product. When we're looking at Windows integration for our SpamFilter product I'll definitely be evaluating!&#x5d;&#x5d;&gt;</body>
<date>10 Feb 2004 18:55:15:0 +1100</date>
<state>approved</state>
<author>glen</author>
<staticName/>
<commentsEnabled>true</commentsEnabled>
<trackBacksEnabled>true</trackBacksEnabled>
</blogEntry>

Importing 2004/02/12/1076585403000.xml
<?xml version="1.0" encoding="UTF-8"?>
<blogEntry>
<title>Commercial Swing Components?</title>
<excerpt/>
<body><![CDATA[I'm interested in hearing any reviews from people who've used commercial (or otherwise) Swing component libraries. I'm after a slick set of controls that are easy to use and visually spot on. Surprisingly, Google doesn't seem to be turning up too many Swing component libraries out there.<br/>
<br/>
The <a href="http://www.infragistics.com/products/jsuite_portal.asp">JSuite</a> stuff looks pretty darn nice... but fairly expensive.  I'd love to get a nice OutlookBar style guy, as well as an ultra-flexible grid control... and I'm willing to pay the money if it's something the company can re-use.<br/>
<br/>
So, any of you guys used any commercial Swing stuff? I'm all ears...&#x5d;&#x5d;&gt;</body>
<date>12 Feb 2004 22:30:03:0 +1100</date>
<state>approved</state>
<author>glen</author>
<staticName/>
<commentsEnabled>true</commentsEnabled>
<trackBacksEnabled>true</trackBacksEnabled>
</blogEntry>

Importing 2004/02/18/1077141599000.xml
<?xml version="1.0" encoding="UTF-8"?>
<blogEntry>
<title>Cool Swing-ish Stuff</title>
<excerpt/>
<body><![CDATA[After a ton of interesting feedback last time, I've scoped out some interesting Swing bits and pieces. I've got most of what I needed, but here's the summary so far:<br/>
<ul><br/>
<li>JGoodies <a href="http://www.jgoodies.com/freeware/forms/index.html">Forms</a> for layout management - I finally have found a layout manager that I understand and that does what I want!</li><br/>
<li><a href="http://www.l2fprod.com/software/l2fprod-common/index.php">l2fProd</a> provides exactly the button bar I was after (very Mozilla-ish)</li><br/>
<li><a href="http://www.ej-technologies.com/products/exe4j/overview.html">exe4j</a> is a very polished little exe maker for Windows to give you that nice icon/launch option. </li><br/>
</ul><br/>
<br/>
Still looking for a nice grid... but something will come up...<br/>
<br/>
Loving the Swing... Hope to have some screenshots to post of our new Spam filter by the end of the month. Still early days, but the pieces are coming together.&#x5d;&#x5d;&gt;</body>
<date>19 Feb 2004 08:59:59:0 +1100</date>
<state>approved</state>
<author>glen</author>
<staticName/>
<commentsEnabled>true</commentsEnabled>
<trackBacksEnabled>true</trackBacksEnabled>
</blogEntry>

Importing 2004/02/27/1077846479000.xml
<?xml version="1.0" encoding="UTF-8"?>
<blogEntry>
<title>Icons for Swing Apps</title>
<excerpt/>
<body><![CDATA[We're chasing a few icons for our Swing GUI, and I'm surprised about the relatively few sites that do bundles of commercial icons. Most people will price you *per icon*, but that ends up being quite a big figure (in the order of $50USD per icon).<br/>
<br/>
Anyways I'm looking for a bundle that I can buy for the Bytecode that we can use on future projects too, and I've shortlisted the candidates to two options:<br/>
<br/>
<ul><br/>
<li><a href="http://www.iconexperience.com/">IconExperience</a> who have some fantastic icon bundles and who specialise in the Java deal (these guys did the Alloy L&F); and </li><br/>
<li><a href="http://www.glyfx.com/">glyFX</a> who also do some great bundles (and seem to be an Aussie company - yeh!) - but who don't have the same range as IconExperience.</li><br/>
</ul><br/>
<br/>
Sun also supply a bunch of icons at the <a href="http://java.sun.com/developer/techDocs/hi/repository/">Look and Feel Repository</a>... but they look pretty dated, and really only suite the Metal Look and Feel.<br/>
<br/>
So, anyone else recommend any good icon packs out there? I don't mind spending the dollars - especially for the standard of icons that IconExperience and glyFX are producing. &#x5d;&#x5d;&gt;</body>
<date>27 Feb 2004 12:47:59:0 +1100</date>
<state>approved</state>
<author>glen</author>
<staticName/>
<commentsEnabled>true</commentsEnabled>
<trackBacksEnabled>true</trackBacksEnabled>
</blogEntry>

Importing 2004/03/22/1079985366000.xml
<?xml version="1.0" encoding="UTF-8"?>
<blogEntry>
<title>MockEJB - Testing Outside the Container</title>
<excerpt/>
<body><![CDATA[I've never really had much joy unit testing EJBs. I've had a look at Cactus, but never found it that easy to understand (I mean, testing inside the container has to be a good thing for accuracy, but it has to be a pain to regularly deploy test suites to your container on every run?). Inevitably I end up give up after stuffing around for a while.<br/>
<br/>
Anyways, I've since discovered <a href="http://www.mockejb.org/">MockEJB</a> and it is one very neat little mock library for EJBs. Getting a basic test of my SLSB outside the container was a snap... and not it just runs as part of my standard JUnit test suite (without a stack of dependencies on other infrastructure being up and running).<br/>
<br/>
Another neato feature is a relatively complete Mock JNDI Context. I'm registering little local datasources against the JNDI names the bean is expecting and it works just great.<br/>
<br/>
The other great thing about it is that it comes with some very nice example code of common things you're likely to want to do, and enough documentation to get you hitting the ground running. Recommended. Great job Alexander!&#x5d;&#x5d;&gt;</body>
<date>23 Mar 2004 06:56:06:0 +1100</date>
<state>approved</state>
<author>glen</author>
<staticName/>
<commentsEnabled>true</commentsEnabled>
<trackBacksEnabled>true</trackBacksEnabled>
<category>Java</category>
</blogEntry>

Importing 2004/05/10/1084169515000.xml
<?xml version="1.0" encoding="UTF-8"?>
<blogEntry>
<title>Loving MockRunner</title>
<excerpt/>
<body><![CDATA[I've blogged earlier about my love for <a href="http://www.mockejb.org/">MockEJB</a>... and I've since come across <a href="http://mockrunner.sourceforge.net/index.html">MockRunner</a> which not only lets you test EJBs outside the container... it lets you test Servlets, Tags and Struts apps to boot (it actually uses MockEJB to do the underlying EJB stuff, but gives you a nice high level facade to make it happen). Comes with a mock JDBC layer as well (to mock in your DB implementation).<br/>
<br/>
I have a servlet which called a session bean, passing in some info gathered from the HttpSession scope, and now I've got unit tests for the whole process running entirely outside the container. You've just gotta love that.  The best part is that it passes the Glen Smith "just works" test - up and running within the hour courtesy of some nice example code from their web site.<br/>
<br/>
A little heavy on the dependent jars (commons-just-about-everything.jar), but we don't have to ship em right? Just for for our Ant test classpathref.<br/>
<br/>
Good stuff, lads. A very neat library. &#x5d;&#x5d;&gt;</body>
<date>10 May 2004 16:11:55:0 +1000</date>
<state>approved</state>
<author>glen</author>
<staticName/>
<commentsEnabled>true</commentsEnabled>
<trackBacksEnabled>true</trackBacksEnabled>
<category>Java</category>
</blogEntry>

Importing 2004/05/17/1084779102000.xml
<?xml version="1.0" encoding="UTF-8"?>
<blogEntry>
<title>BeanShell? Did you say...</title>
<excerpt/>
<body><![CDATA[Ok, so I know the world is in the grip of Groovy madness right now, but for the rules engine of our little spam filter app I'm leaning towards <a href="http://www.beanshell.org/">BeanShell</a>.<br/>
<br/>
The big sell for me is the lightweight story - less than 200k for the whole thing - including Swing editor - with no other dependencies. Plus I don't really need to learn any new syntax! It's groovy in it's own way ;-)<br/>
<br/>
The other thing I really like is that it's very straightforward to extend the language with your own commands. Need a stripHtml command for a spam rule? Piece of cake. Define a stripHtml.bsh, fill it with:<br/>
<br/>
<code><br/>
import org.apache.regexp.RE;<br/>
<br/>
stripHtml( String textToStrip ) {<br/>
	RE r = new RE("<[^>]+>");<br/>
	String replaced = r.subst(textToStrip, "", RE.REPLACE_ALL);<br/>
	return replaced;<br/>
}<br/>
</code><br/>
<br/>
Then just use a <code>stripHtml();</code> in your scripts wherever you like (with an <code>importCommands("/path/to/commands"); </code> somewhere in your setup). Good to go.  Simple. Straightforward. Small. Just works.<br/>
<br/>
I'm doing a combo talk with <a href="http://www.madbean.com/blog/">Matt</a> next month at our <a href="http://www.cjugaustralia.org">Canberra Java User Group</a> which is going to be "Java Scripting - Groovy and Beanshell" - he's doing the Groovy bit, I'm doing the Beanshell bit. Should be a fun time. If you're in town, drop by!&#x5d;&#x5d;&gt;</body>
<date>17 May 2004 17:31:42:0 +1000</date>
<state>approved</state>
<author>glen</author>
<staticName/>
<commentsEnabled>true</commentsEnabled>
<trackBacksEnabled>true</trackBacksEnabled>
</blogEntry>

Importing 2004/05/21/1085178429000.xml
<?xml version="1.0" encoding="UTF-8"?>
<blogEntry>
<title>XML Pull Parsers Zoom!</title>
<excerpt/>
<body><![CDATA[I've been playing around with profiler technologies, and recently started having a look at <a href="http://www.ej-technologies.com/products/jprofiler/overview.html">JProfiler</a> - attaching it my ejb running insider JBoss and then running my unit tests. The interesting thing was that I was burning a ton of time inside my XML parser (dom4j).<br/>
<br/>
Some of that time I can put down to being a little too keen on XPath, but a good swag was inside <i>parseDocument</i>, so it's not like I'm going to be able to tune that!<br/>
<br/>
Anyways, just for kicks, I started to have a look at <a href="http://www.extreme.indiana.edu/xgws/xsoap/xpp/mxp1/">XPP3</a> - one of these "XML Pull Parser" technologies. I notice that <a href="http://xstream.codehaus.org/">XSteam</a> have switched to using it - so I thought it was worth a go.<br/>
<br/>
Put some metrics in my unit test for the XML->Object conversion and the stats went from 407 ms (dom4j) to 49 ms (XPP). I love dom4j's API - but these lightweight parsers sure are zippy. For time critical portions of code, I'm going to look at turning them with XPP.<br/>
<br/>
Worth a look.&#x5d;&#x5d;&gt;</body>
<date>22 May 2004 08:27:09:0 +1000</date>
<state>approved</state>
<author>glen</author>
<staticName/>
<commentsEnabled>true</commentsEnabled>
<trackBacksEnabled>true</trackBacksEnabled>
</blogEntry>

Importing 2004/06/06/1086507046000.xml
<?xml version="1.0" encoding="UTF-8"?>
<blogEntry>
<title>Now hosting on Linode with Pebble!</title>
<excerpt/>
<body><![CDATA[<p>
I'm now hosting my blog on my own <a href="http://www.linode.com">Linode</a> which is basically a hosted Unix service where you have root access. Fantastic stuff. I've installed my own DNS and mail servers, an instance of Tomcat, my <a href="http://wiki.bytecode.com.au">wiki</a> (a <a href="http://www.jspwiki.org/">JSPWiki</a>) and now some new Java blogging software - <a href="http://pebble.sf.net">Pebble</a>. If you're looking for Java hosting ... and don't mind getting dirty with a little Linux, you can't do better than root access! Ultimate flexibility.
</p>
<p>
Now, the only thing left to do is port my old MoveableType content over to Pebble, which I'll get around to over the next week or so. Or let me know if anyone's written a script to do the same.
</p>
<p>I've gotta say that Pebble looks very neat. It's got all the features I need in a blog, is 100% Java, and it's well documented. Installation was a 5 minute process (and that's the multi-user version - cause <a href="http://blogs.bytecode.com.au/nick">Nick</a> will be here soon too). Fantastic stuff.
</p>&#x5d;&#x5d;&gt;</body>
<date>06 Jun 2004 17:30:46:0 +1000</date>
<state>approved</state>
<author>glen</author>
<staticName/>
<commentsEnabled>true</commentsEnabled>
<trackBacksEnabled>true</trackBacksEnabled>
<category>Java</category>
<comment>
<title>Re: Now hosting on Linode with Pebble!</title>
<body><![CDATA[Hello Glen,

How much RAM did you get with your Linode account? (They offer 64M, 128M, etc.)

I once had a virtual BSD host, and it was great for running services written in Lisp or Smalltalk, but I could not run Tomcat due to memory limitations.

-Mark&#x5d;&#x5d;&gt;</body>
<author>Mark Watson</author>
<email>markw@markwatson.com</email>
<website/>
<ipAddress/>
<date>07 Jun 2004 01:31:41:0 +1000</date>
<state>approved</state>
</comment>
<comment>
<title>Re: Now hosting on Linode with Pebble!</title>
<body><![CDATA[<p>
Mark, I went for the minimum option. $USD20/month for 64Mb of RAM and a couple of gig of disk. I setup Debian with 512 MB of swap, but everything else was pretty vanilla. 
</p>
<p>I'm only really running Tomcat, MySQL, DNS and mail, so maybe that's why I've got space. Or maybe they've just upgraded their services lately. Anyways, things seem pretty responsive from the shell. We'll see how it goes over time.
</p>

&#x5d;&#x5d;&gt;</body>
<author>Glen</author>
<email>glen@bytecode.com.au</email>
<website>http://blogs.bytecode.com.au/glen</website>
<ipAddress/>
<date>07 Jun 2004 06:32:47:0 +1000</date>
<state>approved</state>
</comment>
<comment>
<title>Re: Now hosting on Linode with Pebble!</title>
<body><![CDATA[Hi Glen,
We're using Linode as well, but noticing that the JVM that Tomcat runs in seems to grow in size with time.

Have you noticed anything, or have any strategies to reduce the amount of memory that Tomcat/JVM uses on Linode? (Are you using a special JVM, or any special configurations?)

Thanks,
&#x5d;&#x5d;&gt;</body>
<author>Andrew McGhee</author>
<email>andrew.mcghee@geniushealth.com</email>
<website>http://www.geniushealth.com</website>
<ipAddress/>
<date>09 Jul 2004 11:25:54:0 +1000</date>
<state>approved</state>
</comment>
</blogEntry>

Importing 2004/06/08/1086732572000.xml
<?xml version="1.0" encoding="UTF-8"?>
<blogEntry>
<title>New Company Logo</title>
<excerpt/>
<body><![CDATA[<p>
This year I'm really making an effort to get Bytecode's image up to scratch as an Aussie Java company, so I've tracked down a sensational Aussie Web Designer - <a href="http://www.themaninblue.com">Cameron Adams</a> to help lift our image.
</p>
<p>
First stop was getting the corporate id sorted out. Cameron has put up with my incessant tweaking and come up with something that I just love. You read it first here! Check it out (the black is his recommended option and I agree):
</p>
<p>
<img src="./images/BytecodeLogoWhite.jpg"/> <br/>
<img src="./images/BytecodeLogoBlack.jpg"/> <br/>
</p>
<p>
I can highly recommend Cameron. Very reasonable rates, easy to work with, and fantastic output. You should see the new web site he's putting together for us. Two words: Sen-sational. If you're in the market for a CSS specialist or graphic designer, check out his <a href="http://www.themaninblue.com">blog</a>.
</p>

&#x5d;&#x5d;&gt;</body>
<date>09 Jun 2004 08:09:32:0 +1000</date>
<state>approved</state>
<author>glen</author>
<staticName/>
<commentsEnabled>true</commentsEnabled>
<trackBacksEnabled>true</trackBacksEnabled>
<category>Java</category>
</blogEntry>

Importing 2004/06/13/1087110402000.xml
<?xml version="1.0" encoding="UTF-8"?>
<blogEntry>
<title>Porting my MoveableType data to Pebble</title>
<excerpt/>
<body><![CDATA[<p>
I've just spent the arvo moving my data over from MoveableType to Pebble, and after some gotchas it should all be good. 
</p>
<p>I took a longer route than most since I had to go via phpMyAdmin to get an XML dump of my MT data first (since I don't have shell access to the mysql box, and I can't get to it from remote hosts).
</p>
<p>The basic operation was:
<ul>
<li>Work out the naming of Pebble entries (all good, turns out to be a simple Calendar.getTimeInMillis() deal)</li>
<li>Work out the file format of Pebble entries (only two gotchas here - some custom formatting of Date entries which can be handled by SimpleDateFormat, and the CDATA sections in blog comments - where MT used PCDATA here. There were also some issues in swapping MT cr/lfs with first class br elements, but that's another story).</li>
<li>Write some <a href="http://www.xmlpull.org">XML Pull</a> to make the glue happen.</li>
<li>I also learned about File.makeDirs() which turns out to be a very useful little comment for making all required parent directories to a particular location. Useful, say, if you need to create /2004/06/13/ in a directory tree. BTW, took me a while to work out the "06" story, and not "6" which causes all sorts of pebble issues when trying to browse to a particular entry.</li>
</ul>
</p>
<p>
So I have to say it again, XML Pull Parsers are very, very handy for hacking together some parsing code. The XML stuff was the easiest part of the port - which was not always the case for me in the past. And, of course, <a href="http://www.simongbrown.com/pebble.html">Pebble</a> - just rocks.
</p>&#x5d;&#x5d;&gt;</body>
<date>13 Jun 2004 17:06:42:0 +1000</date>
<state>approved</state>
<author>glen</author>
<staticName/>
<commentsEnabled>true</commentsEnabled>
<trackBacksEnabled>true</trackBacksEnabled>
<category>Java</category>
</blogEntry>

Importing 2004/06/20/1087770213000.xml
<?xml version="1.0" encoding="UTF-8"?>
<blogEntry>
<title>SAX, Stacks and XML Parsing Patterns</title>
<excerpt/>
<body><![CDATA[<p>
I used to be a hardcore DOM-style man, and <a href="http://www.dom4j.org">dom4j</a> remains my favourite XML API, but these days I've been doing a lot of performance and load sensitive stuff in the middle tier, which means that I tend to go for streaming solutions like <a href="http://www.xmlpull.org">XML pull</a> and SAX. My basic lesson has been that streaming = performance. I mean, the numbers just don't lie - we're talking at least 3 times faster than any DOM-based solution in my benchmarking, often up to 10 times faster - depending on what you're doing. The other big plus for SAX is that you get it for free with 1.4 so you don't need to bundle stuff.
</p>
<p>The painful thing about SAX (and XML pull), which puts most people off, is that you end up tracking your own state while processing things. I used to end up setting a whole bunch of booleans "nowInsideName = true", "nowInsideAddress = true", then I bumped into a guy at our local <a href="http://www.cjugaustralia.org">JUG</a> who gave me a killer tip "Why don't you use a Stack for state tracking?". Duh! What a great idea.
</p>
<p>So here's the gist:
<ul>
<li>When you hit a start tag, push it onto the stack; </li>
<li>When you hit an end tag, pop the stack; </li>
<li>When you hit an "characters" or "text" entry, do a peek of the stack to see what element you're in. </li>
</ul>
</p>
<p>
When I wrote the little app that converted my MoveableType XML over to Pebble blog format, I used this "Stack" type approach. I used XML pull, but exactly the same concepts work for SAX. Here's an extract of the source:
</p>
<pre>
        Stack tagStack = new Stack();
        int eventType = xpp.getEventType();
        while (eventType != xpp.END_DOCUMENT) {
            if (eventType == xpp.START_TAG) {
                tagStack.push(xpp.getName());

            } else if (eventType == xpp.END_TAG) {
                tagStack.pop();
                if (xpp.getName().equalsIgnoreCase(mte.ENTRY_TAG)) {
                    mtList.add(mte);
                    mte = new MoveableTypeEntry();
                }

            } else if (eventType == xpp.TEXT) {
                String tagName = (String) tagStack.peek();
                String tagValue = xpp.getText();
                if (tagName.equalsIgnoreCase(mte.TITLE_TAG)) {
                    mte.setEntryTitle(tagValue);
                } else if (tagName.equalsIgnoreCase(mte.TEXT_TAG)) {
                    mte.setEntryText(tagValue.replaceAll("\n", "<br/>\n"));
                } else if (tagName.equalsIgnoreCase(mte.DATE_TAG)) {
                    mte.setEntryCreatedOn(tagValue);
                }
            }
            eventType = xpp.next();
        }
</pre>

<p>There are some constraints on this approach, right? You have to assume that you know some stuff about the documents structure (validating against a DTD can help here!), and in the example above, I don't cater for elements of the same name in different portions of the document (Although you can do a <code>Stack.search(parentTag);</code> to find out that info if you need to confirm it).
</p>
<p>Overall, I reckon this is a good way to go for SAX and pull type processing. I don't know what other ways people do this sort of stuff, but it's certainly a lot more maintainable than state tracking with a billion boolean fields!
</p>&#x5d;&#x5d;&gt;</body>
<date>21 Jun 2004 08:23:33:0 +1000</date>
<state>approved</state>
<author>glen</author>
<staticName/>
<commentsEnabled>true</commentsEnabled>
<trackBacksEnabled>true</trackBacksEnabled>
<category>Java</category>
</blogEntry>

Importing 2004/06/22/1087895949000.xml
<?xml version="1.0" encoding="UTF-8"?>
<blogEntry>
<title>My New Java Stickpin! (and use of the Java logo)</title>
<excerpt/>
<body><![CDATA[<p>
Been there, done that, got the stick pin. I'm now officially a Java Certified Programmer - and I've got the card to prove it! It was certainly a fun exam, and it took me the whole two hours just to get the thing finished. I probably should have studied harder, but hey, I passed, and I'm very happy. Also learned a lot more than any man should about scope rules relating to inner classes, and more esoteric uses of the wait()/notify() calls. 
</p>
<p>
<img src="./images/JavaStickPin.jpg"/>
</p>
<p>
The kicker is that I actually did this cert just to put the logo on my Business Card (hey, our company is called Bytecode, it would be nice to have a Java logo on it!). To actually *use* the logo, however, I've got to sign a strict license agreement which, in part, requires me to also place the following phrase on my card under the logo:
<pre>The Sun Certified Professional Logo is a trademark of Sun Microsystems, Inc.</pre>
Now, I'm all for protecting your brand, but come on, we're talking a lot of card real estate here. There's also rules on where on your card the logo can be placed, how big it must be ("it must appear smaller than your name and personal information combined"). Serious!  Looks like I'll be sticking with the <a href="./images/BytecodeLogoBlack.jpg">Bytecode dog</a>!
</p>
<p>I still highly recommend the certification deal. Probably won't get you a job, and it's probably not even that good measure of your technical skill (I reckon about 50% are "trick" questions - where the most natural answer is actually wrong because of some subtle complexity/variable shadowing/omission of a break; or whatever) - but it is stretching, and does get you familiar with some less used features of the language (ask me about signed and unsigned bit shifting operators. Go on. Anything. I dare you!).
</p>&#x5d;&#x5d;&gt;</body>
<date>22 Jun 2004 19:19:09:0 +1000</date>
<state>approved</state>
<author>glen</author>
<staticName/>
<commentsEnabled>true</commentsEnabled>
<trackBacksEnabled>true</trackBacksEnabled>
<category>Java</category>
</blogEntry>

Importing 2004/06/23/1087966067000.xml
<?xml version="1.0" encoding="UTF-8"?>
<blogEntry>
<title>Relative URI can not be resolved without a document URI</title>
<excerpt/>
<body><![CDATA[<p>
This post is just a placeholder so I can google for this SAX error later and remember how I fixed it. 
</p>
<p>
You get one of these errors from SAX when you have an XML document that uses a relative reference to its DTD. So, say you've got a <code>filter-config.xml</code> which contains something like:
<pre>
    &lt;!DOCTYPE security PUBLIC "-//Bytecode Pty Ltd//Spam Filtering Components//EN" 
        <b>"filter-config.dtd"</b> &gt; 
</pre>
And you've put <code>filter-config.dtd</code> in the same directory as <code>filter-config.xml</code>. Fair enough. The only problem is that when you try and feed it to SAX, you get shafted with an error like:
<pre>
    org.xml.sax.SAXParseException: Relative URI "yourfile.dtd"; can not be resolved 
        without a document URI.
</pre>
Which wasn't really what you had in mind. The problem here is that you are trying to access the file like this:
<pre>
    xmlReader.parse(new InputSource(new FileReader(configFile)));
</pre>
Which SAX thinks is unreasonable since it can't work out where exactly things are supposed to be loaded from (in network terms). 
</p>
<p>
What you want to do is to feed a URL to your InputSource, with something like this:
<pre>
    URL configUrl = new File(configFile).toURL();
    InputSource is = new InputSource(configUrl.toString());
    xmlReader.parse(is);
</pre>
SAX can use the URL in resolving the DTD reference and life is good again. So if you're having problems with finding your DTD (even though it's in the same directory), go the URL path.
</p>
&#x5d;&#x5d;&gt;</body>
<date>23 Jun 2004 14:47:47:0 +1000</date>
<state>approved</state>
<author>glen</author>
<staticName/>
<commentsEnabled>true</commentsEnabled>
<trackBacksEnabled>true</trackBacksEnabled>
<category>Java</category>
<comment>
<title>Re: Relative URI can not be resolved without a document URI</title>
<body><![CDATA[THANKS :=) !!!&#x5d;&#x5d;&gt;</body>
<author>Anonymous</author>
<email/>
<website/>
<ipAddress>213.135.241.130</ipAddress>
<date>13 Jul 2005 02:11:15:518 +1000</date>
<state>approved</state>
</comment>
</blogEntry>

Importing 2004/06/30/1088600561000.xml
<?xml version="1.0" encoding="UTF-8"?>
<blogEntry>
<title>Exceptions crossing Tiers (and using ResourceBundles with Exceptions)</title>
<excerpt/>
<body><![CDATA[<p>Well, I've been doing tons of reading on exception handling to try and develop a standard set of practices. I've got two immediate problems that I need to address and haven't found much advice on:
</p>
<p><b>1. Exceptions Crossing Tier Boundaries:</b> Many of our systems are n-Tier and exceptions visible in the most remote layers aren't necessarily available in the presentation tier. What to do? 
</p>
<p>I want to preserve the stack trace if at all possible, so I'm thinking of wrapping just the stack trace in another (presentation-tier-visible) exception and passing that on.
</p>
<p>Alternatively, I can just log the exception (and stack trace), then rethrow a brand new exception to the client (with some sort of user-meaningful error message).
</p>
<p><b>2. Externalising Error Codes and Messages:</b> From a helpdesk point of view, it would be nice to be able to associate a numeric id with each exception. Then a client can report <i>"Error 67: Internal Data Store Problems" appears on my screen</i>, but the helpdesk knows that error 67 actually relates to incorrect database credentials, or whatever. 
</p>
<p>My initial thoughts are maybe to use something like a ResourceBundle, but maybe some custom descendant like a JDBCResourceBundle - where I could keep all my messages in a database (except for if the database fails ;-). My code could then pass a constant like DB_CREDENTIAL_FAILURE to the bundle and retrieve a nice-ish message like "Internal Data Store problems have been encountered talking to server {0}." And do some nice MessageFormat calls to tidy things up. 
</p>
<p>Anyways, I'm interested to hear what you guys are doing with Cross-Tier exceptions and externalising Error strings. All ideas welcome.
</p>&#x5d;&#x5d;&gt;</body>
<date>30 Jun 2004 23:02:41:0 +1000</date>
<state>approved</state>
<author>glen</author>
<staticName/>
<commentsEnabled>true</commentsEnabled>
<trackBacksEnabled>true</trackBacksEnabled>
<category>Java</category>
<comment>
<title>Re: Exceptions crossing Tiers (and using ResourceBundles with Exceptions)</title>
<body><![CDATA[We have been using logging errors and identifying them with error codes that end-users can report to us in our new application. In addition, an e-mail is sent whenever an error occurs (unless the error is with the mailing itself). 

This has been working great for us and cut debugging time by multiple factors.  &#x5d;&#x5d;&gt;</body>
<author>Eddy Young</author>
<email>jeyoung@priscimon.com</email>
<website>http://coding.mu</website>
<ipAddress/>
<date>01 Jul 2004 03:24:36:0 +1000</date>
<state>approved</state>
</comment>
</blogEntry>

Importing 2004/07/19/1090275801000.xml
<?xml version="1.0" encoding="UTF-8"?>
<blogEntry>
<title>Database caching in Struts apps</title>
<excerpt/>
<body><![CDATA[<p>
In a JSP, it's easy enough to implement a caching strategy, since there's a wealth of cool caching taglibs that will help you out. But what about Struts apps?
</p>
<p>
In a struts app, all your database logic is accessed via the action (or more typically via a DAO type pattern in the action, but you get my gist). So, how do you implement caching in the action?
</p>
<p>I guess you could roll your own by keeping a private Date field of the last time you did a lookup (even keep that in your base action class), but it's not that clean.
</p>
<p>I've heard good things about <a href="http://jcache.sf.net">JCache</a> - that it can help with this sort of stuff. So I'll be having a look over the next week or so. Anyone else have any good pointers for this type of scenario?</p>&#x5d;&#x5d;&gt;</body>
<date>20 Jul 2004 08:23:21:0 +1000</date>
<state>approved</state>
<author>glen</author>
<staticName/>
<commentsEnabled>true</commentsEnabled>
<trackBacksEnabled>true</trackBacksEnabled>
<category>Java</category>
<comment>
<title>Re: Database caching in Struts apps</title>
<body><![CDATA[Try OSCache - http://www.opensymphony.com.  I've used it to get 300%+ performance boosts :)&#x5d;&#x5d;&gt;</body>
<author>Morgan</author>
<email>morgan.catlin@valtira.com</email>
<website>http://www.valtira.com</website>
<ipAddress/>
<date>21 Jul 2004 00:58:53:0 +1000</date>
<state>approved</state>
</comment>
<comment>
<title>Re: Database caching in Struts apps</title>
<body><![CDATA[Hmm, if you are using Struts then caching of Data should be in the Model (data) layer and not in the action, so put it in your DAO (iBaits and Hibreanate do caching).

.V&#x5d;&#x5d;&gt;</body>
<author>Anonymous</author>
<email/>
<website/>
<ipAddress/>
<date>21 Jul 2004 13:59:43:0 +1000</date>
<state>approved</state>
</comment>
<comment>
<title>Re: Database caching in Struts apps</title>
<body><![CDATA[I disagree - I'd say many times you can just stick with caching parts of the view - and this is where OSCache comes in (esp. its taglibs)&#x5d;&#x5d;&gt;</body>
<author>Grzegorz Mucha</author>
<email/>
<website/>
<ipAddress/>
<date>21 Jul 2004 15:21:34:0 +1000</date>
<state>approved</state>
</comment>
<comment>
<title>Re: Database caching in Struts apps</title>
<body><![CDATA[Thanks for the suggestions guys. I guess I'm less interested in JSP cacheing, and more interested in caching the actual DAO work which happens from calls originating in the action. <p/>

Anyways I've come across a great resource at <a href="http://www.manageability.org/blog/stuff/jdbc-proxy-drivers">Manageability</a> which gives me heaps of food for thought.&#x5d;&#x5d;&gt;</body>
<author>Glen</author>
<email/>
<website>http://blogs.bytecode.com.au/glen</website>
<ipAddress/>
<date>21 Jul 2004 20:48:20:0 +1000</date>
<state>approved</state>
</comment>
</blogEntry>

Importing 2004/08/24/1093386612000.xml
<?xml version="1.0" encoding="UTF-8"?>
<blogEntry>
<title>Why is there no J2ME stack for PocketPC?</title>
<excerpt/>
<body><![CDATA[<p>
Every few months I Google for a J2ME stack for Pocket PC. Palm has one, why has no other vendor (Sun included) committed to the bigger handheld market? Apparently they had an early version of the stack for WinCE, but later support was dropped. Maybe licensing issues?
</p>
<p>
I know that phones are definitely the ultimate mass market, but PDAs offer such a rich GUI, it screams to be taken advantage of. I know there's always <a href="http://www.superwaba.com">Superwaba</a>, which I may yet have a play with since it seems to really be coming along. The early versions I played with had a horrible GUI, and couldn't use integrated handwriting/keyboard inputs, but I've heard things are pumping in that community, so I'm still tempted.
</p>
<p>
IBM have some kind of Websphere product for Pocket PC too, so I might suss that out as well. I know there's a commercial offering out there too, but why develop an app that you can't share with anyone unless they purchase their own Runtime? Superwaba is looking inviting.
</p>

&#x5d;&#x5d;&gt;</body>
<date>25 Aug 2004 08:30:12:0 +1000</date>
<state>approved</state>
<author>glen</author>
<staticName/>
<commentsEnabled>true</commentsEnabled>
<trackBacksEnabled>true</trackBacksEnabled>
<category>Java</category>
<comment>
<title>Re: Why is there no J2ME stack for PocketPC?</title>
<body><![CDATA[Hm, you could take KaffeCE, which is a kaffe port to WindowsCE, merge it into the main Kaffe tree, and combine it with me4se for the ME apis. Or ask the kangaroo developers for their Kaffe/ME sources and work from that.
<p>
cheers,
dalibor topic&#x5d;&#x5d;&gt;</body>
<author>Dalibor Topic</author>
<email>robilad@kaffe.org</email>
<website/>
<ipAddress/>
<date>25 Aug 2004 22:01:08:0 +1000</date>
<state>approved</state>
</comment>
</blogEntry>

Importing 2004/08/27/1093597803000.xml
<?xml version="1.0" encoding="UTF-8"?>
<blogEntry>
<title>Cool Plugin: JAR Class Finder</title>
<excerpt/>
<body><![CDATA[<p>
I've been wanting one of these for ages! You know the name of the class, but not which jar it lives it (I've always had problems finding the jar containing the JNDI naming provider for Websphere 4/5 - especially with about 6 different IBM JDKs on my PC!)
</p>
<p>
This <a href="http://www.alphaworks.ibm.com/tech/jarclassfinder">Jar Class Finder plugin</a> is just what I was looking for! Search in a given directory (and subdirectories) for Jars/Zips/properties files containing the given Class. Integrates with a nice little toolbar button, and a nice tabular view of the matching files. 
</p>
<p>
Sensational piece of work. This is going to be a standard part of my toolkit forever! Great find.
</p>&#x5d;&#x5d;&gt;</body>
<date>27 Aug 2004 19:10:03:0 +1000</date>
<state>approved</state>
<author>glen</author>
<staticName/>
<commentsEnabled>true</commentsEnabled>
<trackBacksEnabled>true</trackBacksEnabled>
<category>Java</category>
</blogEntry>

Importing 2004/09/01/1094036441000.xml
<?xml version="1.0" encoding="UTF-8"?>
<blogEntry>
<title>Pebble 1.5.1 - Slick and smooth</title>
<excerpt/>
<body><![CDATA[<p>
Upgraded from Pebble 1.4 to the slick new Pebble 1.5.1. If you're in the market for some nice Java blogging software, I can recommend Pebble very highly. Easy to install, great interface, and you can manage the whole thing via the web. Great stuff, Simon!</p>
<p>For those looking to upgrade, things went fairly smoothly. Some of the entries previously in web.xml seem to have migrated to a properties file in WEB-INF/classes, but that probably only affects you if you run in multiuser mode.
</p>
<p>I had enormous performance hits on my <a href="http://www.linode.com/">64Mb Linode</a> the first time I hit any page (must the JSPs compiling for the first time). By serious I mean: type a URL, wait 90 seconds, get a page. But once that's done once everything's working just great. I love the slick new colour scheme, and the new stats page is much nicer (showing Google hits as the terms rather than the raw URL, ditto for the RSS hits). </p>
<p>Worth the upgrade. Can't wait for the new Swing authoring app that's coming with 1.6, that'll be a blast!</p>&#x5d;&#x5d;&gt;</body>
<date>01 Sep 2004 21:00:41:0 +1000</date>
<state>approved</state>
<author>glen</author>
<staticName/>
<commentsEnabled>true</commentsEnabled>
<trackBacksEnabled>true</trackBacksEnabled>
<category>Java</category>
<comment>
<title>Re: Pebble 1.5.1 - Slick and smooth</title>
<body><![CDATA[Thanks Glen - hope you like the even slicker scheme in 1.6 (<a href="http://www.simongbrown.com/blog/">for example</a>) and the new logging features that make gathering stats even easier. :-)&#x5d;&#x5d;&gt;</body>
<author>Simon Brown</author>
<email/>
<website>http://www.simongbrown.com/blog/</website>
<ipAddress/>
<date>03 Sep 2004 02:29:44:0 +1000</date>
<state>approved</state>
</comment>
<comment>
<title>Re: Pebble 1.5.1 - Slick and smooth</title>
<body><![CDATA[Thanks Glen - hope you like the even slicker scheme in 1.6 (<a href="http://www.simongbrown.com/blog/">for example</a>) and the new logging features that make gathering stats even easier. :-)&#x5d;&#x5d;&gt;</body>
<author>Simon Brown</author>
<email/>
<website>http://www.simongbrown.com/blog/</website>
<ipAddress/>
<date>03 Sep 2004 02:31:48:0 +1000</date>
<state>approved</state>
</comment>
</blogEntry>

Importing 2004/09/13/1095112694000.xml
<?xml version="1.0" encoding="UTF-8"?>
<blogEntry>
<title>Migrating from Tomcat to Jetty</title>
<excerpt/>
<body><![CDATA[<p>
I've been having ongoing hassles with Tomcat 5 on my 64Mb <a href="http://www.linode.com/">Linode</a> - and it's the only software on that box that's been unreliable. <p/>
After getting sick of killing the thing off, I've made the jump to <a href="http://jetty.mortbay.org/jetty/index.html">Jetty</a>. It's smaller, faster, and hopefully more robust. Configuration is a snack - once you workout that the XML format just mirrors the API calls it support. My subdomains are working just great, but now I just need to work out how to configure the root context. BTW Jetty starts in around 4 seconds. Nuff said.
<p/>
Pebble even ships with <a href="http://pebble.sourceforge.net/docs/installation.html">instructions</a> on how to configure Jetty for Pebble use. 
<p/>
And best of all, it's a Aussie product. Aussie, Aussie, Aussie, Oi, Oi, Oi!!!
</p>&#x5d;&#x5d;&gt;</body>
<date>14 Sep 2004 07:58:14:0 +1000</date>
<state>approved</state>
<author>glen</author>
<staticName/>
<commentsEnabled>true</commentsEnabled>
<trackBacksEnabled>true</trackBacksEnabled>
<category>Java</category>
<comment>
<title>Re: Migrating from Tomcat to Jetty</title>
<body><![CDATA[If your Linode was running on RH 9 (or something based on RH 9), you needed the usual LD_ASSUME_KERNEL=2.4.1 environment variable. Don't know if that was your problem, but it's quite likely. For the startup time issue, you can remove the admin webapp if you're not using it.&#x5d;&#x5d;&gt;</body>
<author>Anonymous</author>
<email/>
<website/>
<ipAddress/>
<date>14 Sep 2004 23:54:54:0 +1000</date>
<state>approved</state>
</comment>
<comment>
<title>Re: Migrating from Tomcat to Jetty</title>
<body><![CDATA[Thanks dude. I'm actually running on very lean and mean Debian. I wasn't aware of the env variable. Thanks for the tip. <p/>
But I've gotta say Jetty runs *heaps* faster than Tomcat on this config. I'll wait to see how long it stays up.&#x5d;&#x5d;&gt;</body>
<author>Glen</author>
<email/>
<website>http://blogs.bytecode.com.au/glen</website>
<ipAddress/>
<date>15 Sep 2004 07:37:52:0 +1000</date>
<state>approved</state>
</comment>
</blogEntry>

Importing 2004/09/14/1095153317000.xml
<?xml version="1.0" encoding="UTF-8"?>
<blogEntry>
<title>Commercial-friendly Embedded Db Options</title>
<excerpt/>
<body><![CDATA[<p>
For our little spam filter app, we've been evaluating embedded storage options. For commercial apps, the options are surprisingly few. HSQL and McKoi are nice but neither sports a commercial-friendly license. Axion shows a lot more promise (but it's dependent on an older version of commons-collection).
</p>
<p>
Of the commercial options, you've got <a href="http://daffodildb.com/">Daffodil</a> and <a href="http://www.objectdb.com/">ObjectDb</a> which both look very good, but have prohibitivly high <b>per seat</b> licensing options - which is no good for a desktop app. Ditto for <a href="http://www.borland.com/jdatastore/">JDataStore</a>. And <a href="http://www.pointbase.com/">Pointbase</a> seems to have their download links broken. I've filled out their forms numerous times, but it still won't let me download an Eval copy. So they're out too. If that's their download approach, their support is probably going to be big trouble.
</p>
<p>
One left-field option is <a href="http://boilerbay.com/infinitydb/">InfinityDb</a> which is a non-relational BTree-based API that <a href="http://www.madbean.com/">Matt</a> recommended. Unusual API, but it's got a decent royalty-free price. It stores it's data compressed. It's incorruptable. The schema is dynamically updatable (so no version probs). And the support is just wonderful. I just received a two-page reply from their support giving numerous options for my implementation problem. 
</p>
<p>
So, anyone out there using an Embedded DB in their commercial app? What have you had good experience with?
</p>&#x5d;&#x5d;&gt;</body>
<date>14 Sep 2004 19:15:17:0 +1000</date>
<state>approved</state>
<author>glen</author>
<staticName/>
<commentsEnabled>true</commentsEnabled>
<trackBacksEnabled>true</trackBacksEnabled>
<category>Java</category>
<comment>
<title>Re: Commercial-friendly Embedded Db Options</title>
<body><![CDATA[<p>Derby ( http://incubator.apache.org/derby/ ) is on the ramp up for their first open source binary release. Svn HEAD is very stable from what I hear. Right now it is only really usable as an embedded DB as IBM chose not to release network drivers with it, only embedded drivers. I expect this will be fixed quickly.
</p>
<p>
-Brian
</p>&#x5d;&#x5d;&gt;</body>
<author>Brian McCallister</author>
<email>brianm@apache.org</email>
<website>http://blog.skife.org/</website>
<ipAddress/>
<date>14 Sep 2004 21:57:10:0 +1000</date>
<state>approved</state>
</comment>
<comment>
<title>Re: Commercial-friendly Embedded Db Options</title>
<body><![CDATA[You can get a commercial license for McKoi which isn't very costlh at all. You can contact them for details and they're very helpful. The source code is also quite readable with many comments and relatively easy to get into if you need to make some changes.
Daffodil seems to be a product with many problems for the testing that we've done and it's quite slow, so I'd really not consider it.
Derby's transactional model leaves much to be desired (based solely on locking), so I'd stay away from it too. Also, it has been actively crippled when IBM adapted it from Cloudscape.&#x5d;&#x5d;&gt;</body>
<author>Geert Bevin</author>
<email>gbevin@uwyn.com</email>
<website>http://uwyn.com/blog</website>
<ipAddress/>
<date>14 Sep 2004 22:27:41:0 +1000</date>
<state>approved</state>
</comment>
<comment>
<title>Re: Commercial-friendly Embedded Db Options</title>
<body><![CDATA[There is db4o which is an object database that works well in-memory. There licensing structure is flexible.&#x5d;&#x5d;&gt;</body>
<author>Martin Crawford</author>
<email>m.crawford@bemisguided.com</email>
<website>http://www.bemisguided.com/</website>
<ipAddress/>
<date>14 Sep 2004 22:39:20:0 +1000</date>
<state>approved</state>
</comment>
<comment>
<title>Re: Commercial-friendly Embedded Db Options</title>
[...]
</p>
<p>
Why does it generate JPEGs and not PNGs/GIFs? I've tried all the formats, but JPEG is the only one that works with all of the websites I've sampled. I haven't got to the bottom of it yet, but the SWT libraries on OSX seems to write PNGs that have a bit-depth that is too complex for some browsers. And if won't generate GIFs for sites with complex bit-depths at all! Both those cases only happen for a percentage of sites... but enough to be a pain. I haven't found a site that won't JPEG reliably, so I'm sticking with that (and the thumbnails are quite a lot smaller in file size, though there is a little artifacting).
</p>
<p>
When can you get the source? Real soon now... The upgrade to Grails 1.0 RC1 clobbered my build.xml file which builds my distro.zip... and my CVS server is only freshly restored from backup, so I have to hunt down the old version. But I should have something next week for people to download and play with if they're keen.
</p>
<p>
The SWT stuff that does the browser grab is written in Java, but exposed by a XML RPC service written in Groovy. I wanted to do all the funky browser-launching stuff in a separate VM from the app server, and XMLRPC was such an easy option with the <a href="http://groovy.codehaus.org/XMLRPC">Groovy XMLRPC</a> module. Things get even trickier cause my server is OSX, and SWT needs a special JVM switch of -XstartOnFirstThread, so it was pretty compelling to have it as a standalone service. I'll post some more details and sample client code, when I get some downtime...
</p>
<p>
Happy thumbnailing!
</p>
&#x5d;&#x5d;&gt;</body>
<date>02 Nov 2007 23:13:05:806 +0000</date>
<timeZone>Australia/Canberra</timeZone>
<state>published</state>
<author>glen</author>
<staticName/>
<commentsEnabled>true</commentsEnabled>
<trackBacksEnabled>true</trackBacksEnabled>
<category>/Groovy</category>
<tags></tags>
<comment>
<title>Re: Groovyblogs goes Thumbnails!</title>
<body><![CDATA[Are you going to continue posting the source code for groovyblogs.org?

&#x5d;&#x5d;&gt;</body>
<author>Anonymous</author>
<email></email>
<website></website>
<ipAddress>24.217.118.104</ipAddress>
<date>05 Nov 2007 03:01:48:829 +0000</date>
<state>approved</state>
<authenticated>false</authenticated>
</comment>
<comment>
<title>Re: Groovyblogs goes Thumbnails!</title>
<body><![CDATA[For sure. Should have the 1.0 source up by the end of the week.&#x5d;&#x5d;&gt;</body>
<author>Glen Smith</author>
<email>glen@bytecode.com.au</email>
<website>http://blogs.bytecode.com.au/glen</website>
<ipAddress>203.13.1.142</ipAddress>
<date>05 Nov 2007 04:35:22:266 +0000</date>
<state>approved</state>
<authenticated>true</authenticated>
<parent>1194231708829</parent>
</comment>
</blogEntry>

Importing 2007/11/05/1194230711983.xml
<?xml version="1.0" encoding="UTF-8"?>
<blogEntry>
<title>Tiny browser thumbnail client, anyone?</title>
<subtitle></subtitle>
<excerpt></excerpt>
<body><![CDATA[<p>
While testing out my little browser thumbnail service, I thought I'd throw together a little thumbnail Swing client to tinker with (I was super inspired by <a href="http://blogs.sun.com/geertjan/entry/groovy_web_service">Geertjan's</a> work on Soap clients). You can type in a URL, invoke the Thumbnail service over XMLRPC, then have a look at the image returned:
</p>
<p>
  <img src="images/2007/ThumbnailClient.png" alt="Thumbnail client in action"/>
</p>
<p>
If you're keen for a play, download the latest XML RPC jar (I'm using <a href="http://dist.groovy.codehaus.org/jars/groovy-xmlrpc-0.3.jar">v0.3</a>), and copy it to your ~/.groovy/lib directory (or %USERPROFILE%\.groovy\lib on Windows). Then fire up groovyConsole and cut and paste....
</p>

<p>
<pre style="border: 1px solid black; padding: 5px;">
import groovy.net.xmlrpc.*

def server = new XMLRPCServerProxy("http://www.groovyblogs.org:7999")

def swing=new groovy.swing.SwingBuilder()
	
def frame=swing.frame(title: 'Thumbnail Service', 
    preferredSize: [700, 500], 
    background: java.awt.Color.lightGray) {
  vbox {
    panel {
	label 'Enter URL:'
        textField(id: 'url', columns: 40, "http://www.google.com.au/")
	button(text: "Get Thumb", actionPerformed: { event ->
		println "Retrieving URL: $swing.url.text"
		def thumbs = server.getThumbnail(swing.url.text)
		def large = new javax.swing.ImageIcon(thumbs[0])
		def small = new javax.swing.ImageIcon(thumbs[1])
		swing.smallicon.icon = small
		swing.bigicon.icon = large
	})
    }
    panel {
	label(id: 'smallicon')
	label(id:'bigicon')
    }
  }
}
frame.pack()
frame.show()
</pre>
</p>
<p>
The service only exposes one method, getThumbnail(url) which returns an array of byte[]. The first element is the large thumbnail bytes, the second is the small one. The format returned is jpeg. Be patient, it can take a few seconds to return...
</p>
<p>
Once I have a public download of the thumbnail service code, I'll cut the public API, but it's a fun experiment of what you can do with a few lines of groovy plus some XMLRPC goodness!
</p>&#x5d;&#x5d;&gt;</body>
<date>05 Nov 2007 02:45:11:983 +0000</date>
<timeZone>Australia/Canberra</timeZone>
<state>published</state>
<author>glen</author>
<staticName/>
<commentsEnabled>true</commentsEnabled>
<trackBacksEnabled>true</trackBacksEnabled>
<category>/Groovy</category>
<tags></tags>
<comment>
<title>Re: Tiny browser thumbnail client, anyone?</title>
<body><![CDATA[Very cool Glen! Looking forward to seeing the code for this.&#x5d;&#x5d;&gt;</body>
<author>Tom</author>
<email></email>
<website></website>
<ipAddress>159.182.1.4</ipAddress>
<date>05 Nov 2007 16:40:56:392 +0000</date>
<state>approved</state>
<authenticated>false</authenticated>
</comment>
</blogEntry>

Importing 2007/11/07/1194400360760.xml
<?xml version="1.0" encoding="UTF-8"?>
<blogEntry>
<title>Thumbnail Server src now available (and Groovyblogs src now updated to 1.0 RC1)</title>
<subtitle></subtitle>
<excerpt></excerpt>
<body><![CDATA[<p>
For those who have been chasing the source to the Browser Thumbnail stuff, it's now available for <a href="http://www.bytecode.com.au/downloads/grails/">download</a> (Apache 2.0 license). It's a little scrappy and needs a tidy up, but we're all friends, right?
</p>
<p>
At the same place you'll find the updated source for groovyblogs that will play nice with Grails 1.0 RC1. This version now makes plenty of use of the way-cool <a href="http://grails.org/Config">Grails Config</a> stuff, so it should be a lot easier to customise to your environment. Make sure you check out the Config.groovy file and customise the paths/proxies/whatnot..
</p>
<p>
The Thumbnail server should be a painless "download and run" for OSX users, others should <strike>upgrade their operating system</strike> check the README.txt...
</p>
<pre style="border: solid 1px black; padding: 1em">
To start the service, do an "ant run" from where 
you unzipped the distro. There is no GUI, just a 
bunch of log messages. :-)

You can create a simple client for testing by following 
the instructions here:

http://blogs.bytecode.com.au/glen/2007/11/05/1194230711983.html


FOR NON OSX USERS!!!!

In order to get this running on your own workstation, 
you'll need to perform the following steps if you're 
not running on OSX:

1. Download the correct SWT libraries for your platform

Head on over to http://www.eclipse.org/swt/ and grab the
download for your platform. Remove the current ones 
from "/lib" in the project and replace them with the 
two matching SWT jars for your platform.

2. Remove the references to -XstartOnFirstThread 
from build.xml and ThumbnailServer.groovy.

3. If running on linux, you'll need to setup the path to 
your browser component.

On Ubuntu, I use something like:

export MOZILLA_FIVE_HOME=/usr/lib/firefox

4. You're done! Do an "ant run" and give it a try
</pre>
<p>
Enjoy the thumbnailing goodness.. 
</p>
&#x5d;&#x5d;&gt;</body>
<date>07 Nov 2007 01:52:40:760 +0000</date>
<timeZone>Australia/Canberra</timeZone>
<state>published</state>
<author>glen</author>
<staticName/>
<commentsEnabled>true</commentsEnabled>
<trackBacksEnabled>true</trackBacksEnabled>
<category>/Groovy</category>
<tags></tags>
<comment>
<title>Re: Thumbnail Server src now available (and Groovyblogs src now updated to 1.0 RC1)</title>
<body><![CDATA[That's great Glen! perhaps a link on the groovy site is in order? Keep on Groovying!&#x5d;&#x5d;&gt;</body>
<author>Andres Almiray</author>
<email>aalmiray@users.sourcefrge.net</email>
<website>http://jroller.com/aalmiray</website>
<ipAddress>67.180.43.228</ipAddress>
<date>07 Nov 2007 16:37:28:143 +0000</date>
<state>approved</state>
<authenticated>false</authenticated>
</comment>
</blogEntry>

Importing 2007/11/07/1194423060000.xml
<?xml version="1.0" encoding="UTF-8"?>
<blogEntry>
<title>Grails Exchange: The Personalities</title>
<subtitle></subtitle>
<excerpt></excerpt>
<body><![CDATA[<p>

http://graemerocher.blogspot.com/

http://glaforge.free.fr/weblog/ Guillaume Laforge

http://blackdragsview.blogspot.com/

http://javajeff.blogspot.com/ Jeff Brown

http://www.jroller.com/sclayman/ (http://beta.clipweaver.com)

http://www.svenhaiges.de/

http://www.amazon.com/gp/blog/A368TUB0Q1IE3F (Dierk Koenig)

http://www.davisworld.org/blojsom/blog/ (Scott Davis aboutgroovy)

http://blogs.sun.com/geertjan/ 

http://berndschiffer.blogspot.com/ 

http://grails-exchange.com/scott-hickey

http://roepieblog.blogspot.com/ Ronald Pieterse

http://www.anyware.co.uk/2005/ Marc Palmer

http://jasonrudolph.com/blog  Jason Rudolph

Wendy Skillmatter.

</p>&#x5d;&#x5d;&gt;</body>
<date>07 Nov 2007 08:11:00:0 +0000</date>
<timeZone>Australia/Canberra</timeZone>
<state>unpublished</state>
<author>glen</author>
<staticName/>
<commentsEnabled>true</commentsEnabled>
<trackBacksEnabled>true</trackBacksEnabled>
<category>/Groovy</category>
<tags></tags>
</blogEntry>

Importing 2007/11/15/1195156311239.xml
<?xml version="1.0" encoding="UTF-8"?>
<blogEntry>
<title>First experiences with IntelliJ... and its stunning Groovy/Grails support</title>
<subtitle></subtitle>
<excerpt></excerpt>
<body><![CDATA[<p>
After GrailsExchange, I put it on my TODO list to checkout IntelliJ. Some of the guys were demoing certain features of the JetGroovy plugin and some of the Grails support looked just stunning. So I downloaded the trial, installed the JetGroovy plugin, and created a new Grails app.
</p>
<p>
I'm a hardcore Eclipse user, and have never used Idea before, but the learning curve is pretty nice. So what about the Groovy/Grails stuff? I'm only a week in, but the things I use *all the time* are the quick switch options between Domain/Controller/View/Test for a given object. That saves *so* much time..(in screengrab below I have everything related to the Entry domain class instantly onscreen) 
</p>
<p>
<img src="images/2007/ideaGrailsSwitch.png" alt="Quick switching between stuff"/>
</p>
<p>
The other massive timesaver is the great work they have put into getting Groovy completion happening. The support is still not complete, but it is a long way there. Being able to control-click on a class to jump there is sensational.. and I haven't even started playing with the Groovy Refactor support! Autocomplete also works great on Grails custom taglbs in the gsp view (which is a huge timesaver for me since I have the memory of a goldfish...)
</p>
<p>
They've done some cute stuff with the domain modelling gear too. You can get a nice pick of where your dependencies are setup (which is super helpful in getting a "lay of the land" for the project).  
</p>
<p>
<img src="images/2007/ideaDomainClasses.png" alt="Domain Class Modelling Stuff"/>
</p>
<p>
So first impressions are excellent. The IntelliJ guys have done a really nice <a href="http://docs.codehaus.org/display/GRAILS/IDEA+Integration">What's new</a> page where you can see all the integration points with a ton of screengrabs. 
</p>
<p>
I'll be giving it a solid workout over the next month...
</p>&#x5d;&#x5d;&gt;</body>
<date>15 Nov 2007 19:51:51:239 +0000</date>
<timeZone>Australia/Canberra</timeZone>
<state>published</state>
<author>glen</author>
<staticName/>
<commentsEnabled>true</commentsEnabled>
<trackBacksEnabled>true</trackBacksEnabled>
<category>/Groovy</category>
<category>/Java</category>
<tags></tags>
<comment>
<title>Re: First experiences with IntelliJ... and its stunning Groovy/Grails support</title>
<body><![CDATA[Glen,
<br />I've been enjoying IntelliJ 7 as well.    I've noticed one small issue though, it seems that the ERD sometimes doesn't see all my domain classes when making the diagram.   Have you had any issues like this?  &#x5d;&#x5d;&gt;</body>
<author>Douglas Fils</author>
<email>drfils@gmail.com</email>
<website>http://douglasfils.blogspot.com/</website>
<ipAddress>129.186.121.156</ipAddress>
<date>15 Nov 2007 22:13:42:508 +0000</date>
<state>approved</state>
<authenticated>false</authenticated>
</comment>
<comment>
<title>Re: First experiences with IntelliJ... and its stunning Groovy/Grails support</title>
<body><![CDATA[I've been using it since Grails eXchange (nice presentation by the way Glen ;o) and I've started to write an article about it.  I want to show how Intellij makes it easier to develop a Grails app. More on this later... &#x5d;&#x5d;&gt;</body>
<author>Antonio Goncalves</author>
<email>antonio.goncalves@gmail.com</email>
<website>http://www.antoniogoncalves.org</website>
<ipAddress>82.226.95.182</ipAddress>
<date>16 Nov 2007 20:39:41:521 +0000</date>
<state>approved</state>
<authenticated>false</authenticated>
</comment>
</blogEntry>

Importing 2007/11/28/1196248511519.xml
<?xml version="1.0" encoding="UTF-8"?>
<blogEntry>
<title>Give me 1K LOC and I will move the Earth!</title>
<subtitle></subtitle>
<excerpt></excerpt>
<body><![CDATA[<p>
Well.. maybe not "move the earth"... but I might just be able to come up with a pretty nice little sample blog app. My goal is to have something to add to the Grails samples distro so that people have a nice, gentle, but complete app to cut their teeth on.
</p>
<p>
The humble blog app seems to be low handing fruit, (<a href="http://jameswilliams.be/blog/index.php?itemid=39">some people</a> have already started work on such beasts) so I'm off and running on my next little project. I'm modelling off Simon Brown's way cool <a href="http://pebble.sourceforge.net/">Pebble</a> (which powers this site at the moment), but if I'm to fit it into 1000 Lines of Code, I'm going to have to dispense with a few features... so... may I introduce:
</p>
<p>
<img src="images/2007/gravl.gif" alt="gravl's shiny new logo"/>
</p>
<p>
Gravl - Pebble, but smaller, and without some of the niceties. 
</p>
<p>
Ok. Here are the rules. 
<ul>
<li>Everything(*) must fit into 1000 LOC as returned by the "grails stats" command
<li> That number excludes plugins since users want to learn how the app works, not the plugins (I'm thinking that Searchable and Feeds are going to save a ton of lines there)
<li> That number doesn't include webby view stuff (like gsps/css/javascript) - just the core logic (services/logic/models/taglibs) and related config elements
<li>That number also doesn't include the test cases, since I'd like to have some nice samples for both unit and integration testing to get people up and running there (especially since Dierk sold me on Canoo Webtest stuff... that guy groks testing more than anyone I've ever heard)
</ul>
</p>
<p>
The main aim of the app is as a samples/teaching tool. So I'm cramming a fairly diverse set of stuff in just so people have examples of some of the powerful features in Grails. In my sights right now are:
<ul>
<li> Custom Filters for doing referrer tracking
<li> All the common domain relationship (incl M:N)
<li> Custom UrlMapping for permalinks
<li> Command objects for form processing (incl validation)
<li> Some WebFlow samples around the publishing process
<li> AJAX tags/autocomplete stuff for entry categories
<li> Using the Searchable and Feeds plugin
<li> Using custom configs to make it all tidy
<li> Simple taglibs for pretty Date display
<li> i18n for the core interface features
<li> Unit testing controllers
<li> Integration testing webflows
<li> Some funky layout templates to make it all web2.0
<li> Bonus marks to handle import and export of content (and a Gold Star if we can import my existing Pebble content straight from a Pebble export into a Gravl import).
</ul>
</p>
<p>
Boy.. That all sounds a little ambitious.. Let's see how far I can get by Christmas... It's Grails, right? I'm sure I'll have something to show...
</p>&#x5d;&#x5d;&gt;</body>
<date>28 Nov 2007 11:15:11:519 +0000</date>
<timeZone>Australia/Canberra</timeZone>
<state>published</state>
<author>glen</author>
<staticName/>
<commentsEnabled>true</commentsEnabled>
<trackBacksEnabled>true</trackBacksEnabled>
<category>/Groovy</category>
<tags></tags>
<comment>
<title>Re: Give me 1K LOC and I will move the Earth!</title>
<body><![CDATA[Hy,

Can you include also breadcrumbs in the list ?&#x5d;&#x5d;&gt;</body>
<author>Marius Vasilache</author>
<email></email>
<website></website>
<ipAddress>85.204.29.143</ipAddress>
<date>28 Nov 2007 12:47:24:891 +0000</date>
<state>approved</state>
<authenticated>false</authenticated>
</comment>
<comment>
<title>Re: Give me 1K LOC and I will move the Earth!</title>
<body><![CDATA[LOL! Gravl, love the name, can't wait for the code ;-)

Good luck!&#x5d;&#x5d;&gt;</body>
<author>Graeme Rocher</author>
<email>graeme.rocher@gmail.com</email>
<website>http://grails.org</website>
<ipAddress>81.102.253.64</ipAddress>
<date>28 Nov 2007 17:11:14:306 +0000</date>
<state>approved</state>
<authenticated>false</authenticated>
</comment>
<comment>
<title>Re: Give me 1K LOC and I will move the Earth!</title>
<body><![CDATA[I'm looking forward to this. I still use your rss aggregator app sometimes for reference, so one more will be nice!&#x5d;&#x5d;&gt;</body>
<author>Robert</author>
<email>pocket5s@gmail.com</email>
<website>http://thebull.macsimumweb.com</website>
<ipAddress>206.173.230.2</ipAddress>
<date>30 Nov 2007 18:01:48:763 +0000</date>
<state>approved</state>
<authenticated>false</authenticated>
</comment>
</blogEntry>

]]></system-out>

      <system-err></system-err>

  </testsuite>
  <testsuite errors="0" failures="0" id="9" name="ImportServiceTests" package="" tests="1" time="23.598">
  
    <properties></properties>

      <testcase classname="ImportServiceTests" name="testImport" time="22.657"></testcase>

      <system-out><![CDATA[Starting test..
]]></system-out>

      <system-err></system-err>

  </testsuite>
  <testsuite errors="0" failures="0" id="10" name="LoginControllerTests" package="" tests="1" time="0.0090">
  
    <properties></properties>

      <testcase classname="LoginControllerTests" name="testSomething" time="0.0"></testcase>

      <system-out></system-out>

      <system-err></system-err>

  </testsuite>
  <testsuite errors="0" failures="0" id="11" name="TagControllerTests" package="" tests="1" time="0.0060">
  
    <properties></properties>

      <testcase classname="TagControllerTests" name="testSomething" time="0.0"></testcase>

      <system-out></system-out>

      <system-err></system-err>

  </testsuite>
  <testsuite errors="0" failures="0" id="12" name="TagTests" package="" tests="1" time="0.0060">
  
    <properties></properties>

      <testcase classname="TagTests" name="testSomething" time="0.0"></testcase>

      <system-out></system-out>

      <system-err></system-err>

  </testsuite>
</testsuites>
